<?xml version="1.0" encoding="UTF-8"?>
<testng-results skipped="0" failed="0" total="1" passed="1">
  <reporter-output>
  </reporter-output>
  <suite name="Default suite" duration-ms="23081" started-at="2018-01-04T07:09:12Z" finished-at="2018-01-04T07:09:35Z">
    <groups>
    </groups>
    <test name="Default test" duration-ms="23081" started-at="2018-01-04T07:09:12Z" finished-at="2018-01-04T07:09:35Z">
      <class name="LearnTestNG.SampleTest">
        <test-method status="PASS" signature="verifyTitle()[pri:0, instance:LearnTestNG.SampleTest@7c16905e]" name="verifyTitle" duration-ms="23022" started-at="2018-01-04T12:39:12Z" finished-at="2018-01-04T12:39:35Z">
          <reporter-output>
          </reporter-output>
        </test-method> <!-- verifyTitle -->
      </class> <!-- LearnTestNG.SampleTest -->
    </test> <!-- Default test -->
  </suite> <!-- Default suite -->
</testng-results>
